#
# There is insufficient memory for the Java Runtime Environment to continue.
# Native memory allocation (mmap) failed to map 132120576 bytes for G1 virtual space
# Possible reasons:
#   The system is out of physical RAM or swap space
#   The process is running with CompressedOops enabled, and the Java Heap may be blocking the growth of the native heap
# Possible solutions:
#   Reduce memory load on the system
#   Increase physical memory or swap space
#   Check if swap backing store is full
#   Decrease Java heap size (-Xmx/-Xms)
#   Decrease number of Java threads
#   Decrease Java thread stack sizes (-Xss)
#   Set larger code cache with -XX:ReservedCodeCacheSize=
#   JVM is running with Unscaled Compressed Oops mode in which the Java heap is
#     placed in the first 4GB address space. The Java Heap base address is the
#     maximum limit for the native heap growth. Please use -XX:HeapBaseMinAddress
#     to set the Java Heap base and to place the Java Heap above 4GB virtual address.
# This output file may be truncated or incomplete.
#
#  Out of Memory Error (./open/src/hotspot/os/windows/os_windows.cpp:3321), pid=13060, tid=5884
#
# JRE version:  (15.0.2+7) (build )
# Java VM: Java HotSpot(TM) 64-Bit Server VM (15.0.2+7-27, mixed mode, sharing, tiered, compressed oops, g1 gc, windows-amd64)
# No core dump will be written. Minidumps are not enabled by default on client versions of Windows
#

---------------  S U M M A R Y ------------

Command Line: -Dfile.encoding=UTF-8 --module-path=C:\Users\Dell\Documents\NetBeansProjects\College\build\classes HotelInfo

Host: Intel(R) Core(TM) i5-8265U CPU @ 1.60GHz, 8 cores, 7G,  Windows 10 , 64 bit Build 19041 (10.0.19041.1348)
Time: Tue Dec  7 23:24:45 2021 Nepal Standard Time elapsed time: 0.017074 seconds (0d 0h 0m 0s)

---------------  T H R E A D  ---------------

Current thread (0x0000027ee07a5860):  JavaThread "Unknown thread" [_thread_in_vm, id=5884, stack(0x000000e01a100000,0x000000e01a200000)]

Stack: [0x000000e01a100000,0x000000e01a200000]
Native frames: (J=compiled Java code, j=interpreted, Vv=VM code, C=native code)
V  [jvm.dll+0x62ae9a]
V  [jvm.dll+0x7817a9]
V  [jvm.dll+0x782f03]
V  [jvm.dll+0x783563]
V  [jvm.dll+0x216325]
V  [jvm.dll+0x6281d9]
V  [jvm.dll+0x61cf55]
V  [jvm.dll+0x2cffdd]
V  [jvm.dll+0x2cfe42]
V  [jvm.dll+0x2d5e1c]
V  [jvm.dll+0x32590a]
V  [jvm.dll+0x324fd4]
V  [jvm.dll+0x2a6f5a]
V  [jvm.dll+0x2a80f8]
V  [jvm.dll+0x75e241]
V  [jvm.dll+0x3341c4]
V  [jvm.dll+0x73e926]
V  [jvm.dll+0x3b7557]
V  [jvm.dll+0x3b8fe1]
C  [jli.dll+0x52fb]
C  [ucrtbase.dll+0x21bb2]
C  [KERNEL32.DLL+0x17034]
C  [ntdll.dll+0x52651]


---------------  P R O C E S S  ---------------

Threads class SMR info:
_java_thread_list=0x00007ffdb9ef4ff0, length=0, elements={
}

Java Threads: ( => current thread )

Other Threads:
  0x0000027ee07e45f0 GCTaskThread "GC Thread#0" [stack: 0x000000e01a200000,0x000000e01a300000] [id=3300]
  0x0000027ee07f6320 ConcurrentGCThread "G1 Main Marker" [stack: 0x000000e01a300000,0x000000e01a400000] [id=13668]
  0x0000027ee07f76b0 ConcurrentGCThread "G1 Conc#0" [stack: 0x000000e01a400000,0x000000e01a500000] [id=17668]

[error occurred during error reporting (printing all threads), id 0xc0000005, EXCEPTION_ACCESS_VIOLATION (0xc0000005) at pc=0x00007ffdb96e7e27]

VM state: not at safepoint (not fully initialized)

VM Mutex/Monitor currently owned by a thread:  ([mutex/lock_event])
[0x0000027ee07a0fd0] Heap_lock - owner thread: 0x0000027ee07a5860

Heap address: 0x0000000083000000, size: 2000 MB, Compressed Oops mode: 32-bit
CDS archive(s) mapped at: [0x0000000000000000-0x0000000000000000-0x0000000000000000), size 0, SharedBaseAddress: 0x0000000800000000, ArchiveRelocationMode: 0.
Narrow klass base: 0x0000000000000000, Narrow klass shift: 0, Narrow klass range: 0x0

Heap:
 garbage-first heap   total 129024K, used 0K [0x0000000083000000, 0x0000000100000000)
  region size 1024K, 0 young (0K), 0 survivors (0K)
 Metaspace       used 0K, capacity 0K, committed 0K, reserved 0K
  class space    used 0K, capacity 0K, committed 0K, reserved 0K

Heap Regions: E=young(eden), S=young(survivor), O=old, HS=humongous(starts), HC=humongous(continues), CS=collection set, F=free, OA=open archive, CA=closed archive, TAMS=top-at-mark-start (previous, next)

Card table byte_map: [0x0000027ef8100000,0x0000027ef84f0000] _byte_map_base: 0x0000027ef7ce8000

Marking Bits (Prev, Next): (CMBitMap*) 0x0000027ee07e4e60, (CMBitMap*) 0x0000027ee07e4ea0
 Prev Bits: [0x0000027ef88e0000, 0x0000027efa820000)
 Next Bits: [0x0000027efa820000, 0x0000027efc760000)

GC Heap History (0 events):
No events

Deoptimization events (0 events):
No events

Classes unloaded (0 events):
No events

Classes redefined (0 events):
No events

Internal exceptions (0 events):
No events

Events (1 events):
Event: 0.006 Loaded shared library C:\Program Files\Java\jdk-15.0.2\bin\java.dll


Dynamic libraries:
0x00007ff7f0550000 - 0x00007ff7f055f000 	C:\Program Files\Java\jdk-15.0.2\bin\java.exe
0x00007ffe0d510000 - 0x00007ffe0d705000 	C:\WINDOWS\SYSTEM32\ntdll.dll
0x00007ffdfd380000 - 0x00007ffdfd396000 	C:\Program Files\Avast Software\Avast\aswhook.dll
0x00007ffe0b570000 - 0x00007ffe0b62e000 	C:\WINDOWS\System32\KERNEL32.DLL
0x00007ffe0b260000 - 0x00007ffe0b528000 	C:\WINDOWS\System32\KERNELBASE.dll
0x00007ffe0ae20000 - 0x00007ffe0af20000 	C:\WINDOWS\System32\ucrtbase.dll
0x00007ffe00890000 - 0x00007ffe008a8000 	C:\Program Files\Java\jdk-15.0.2\bin\jli.dll
0x00007ffe003b0000 - 0x00007ffe003c9000 	C:\Program Files\Java\jdk-15.0.2\bin\VCRUNTIME140.dll
0x00007ffe0b830000 - 0x00007ffe0b8dc000 	C:\WINDOWS\System32\ADVAPI32.dll
0x00007ffe0d220000 - 0x00007ffe0d2be000 	C:\WINDOWS\System32\msvcrt.dll
0x00007ffe0b660000 - 0x00007ffe0b6fb000 	C:\WINDOWS\System32\sechost.dll
0x00007ffe0c730000 - 0x00007ffe0c85a000 	C:\WINDOWS\System32\RPCRT4.dll
0x00007ffe0c580000 - 0x00007ffe0c721000 	C:\WINDOWS\System32\USER32.dll
0x00007ffe0af20000 - 0x00007ffe0af42000 	C:\WINDOWS\System32\win32u.dll
0x00007ffde7770000 - 0x00007ffde7a0a000 	C:\WINDOWS\WinSxS\amd64_microsoft.windows.common-controls_6595b64144ccf1df_6.0.19041.1110_none_60b5254171f9507e\COMCTL32.dll
0x00007ffe0ba70000 - 0x00007ffe0ba9b000 	C:\WINDOWS\System32\GDI32.dll
0x00007ffe0ac80000 - 0x00007ffe0ad8b000 	C:\WINDOWS\System32\gdi32full.dll
0x00007ffe0af50000 - 0x00007ffe0afed000 	C:\WINDOWS\System32\msvcp_win.dll
0x00007ffdfec70000 - 0x00007ffdfec7a000 	C:\WINDOWS\SYSTEM32\VERSION.dll
0x00007ffe0b630000 - 0x00007ffe0b660000 	C:\WINDOWS\System32\IMM32.DLL
0x00007ffe08130000 - 0x00007ffe0813c000 	C:\Program Files\Java\jdk-15.0.2\bin\vcruntime140_1.dll
0x00007ffde92b0000 - 0x00007ffde9341000 	C:\Program Files\Java\jdk-15.0.2\bin\msvcp140.dll
0x00007ffdb9430000 - 0x00007ffdb9f8e000 	C:\Program Files\Java\jdk-15.0.2\bin\server\jvm.dll
0x00007ffe0b560000 - 0x00007ffe0b568000 	C:\WINDOWS\System32\PSAPI.DLL
0x00007ffdf6a50000 - 0x00007ffdf6a59000 	C:\WINDOWS\SYSTEM32\WSOCK32.dll
0x00007ffdf32f0000 - 0x00007ffdf3317000 	C:\WINDOWS\SYSTEM32\WINMM.dll
0x00007ffe0c360000 - 0x00007ffe0c3cb000 	C:\WINDOWS\System32\WS2_32.dll
0x00007ffe094b0000 - 0x00007ffe094c2000 	C:\WINDOWS\SYSTEM32\kernel.appcore.dll
0x00007ffe00cf0000 - 0x00007ffe00cfa000 	C:\Program Files\Java\jdk-15.0.2\bin\jimage.dll
0x00007ffe091d0000 - 0x00007ffe093b4000 	C:\WINDOWS\SYSTEM32\DBGHELP.DLL
0x00007ffdfe540000 - 0x00007ffdfe56c000 	C:\WINDOWS\SYSTEM32\dbgcore.DLL
0x00007ffe0ad90000 - 0x00007ffe0ae13000 	C:\WINDOWS\System32\bcryptPrimitives.dll
0x00007ffdfe0e0000 - 0x00007ffdfe105000 	C:\Program Files\Java\jdk-15.0.2\bin\java.dll

dbghelp: loaded successfully - version: 4.0.5 - missing functions: none
symbol engine: initialized successfully - sym options: 0x614 - pdb path: .;C:\Program Files\Java\jdk-15.0.2\bin;C:\WINDOWS\SYSTEM32;C:\Program Files\Avast Software\Avast;C:\WINDOWS\WinSxS\amd64_microsoft.windows.common-controls_6595b64144ccf1df_6.0.19041.1110_none_60b5254171f9507e;C:\Program Files\Java\jdk-15.0.2\bin\server

VM Arguments:
jvm_args: -Dfile.encoding=UTF-8 --module-path=C:\Users\Dell\Documents\NetBeansProjects\College\build\classes 
java_command: HotelInfo
java_class_path (initial): C:\Program Files\NetBeans-12.5\netbeans\java\modules\ext\AbsoluteLayout.jar;C:\Users\Dell\Documents\NetBeansProjects\College\build\classes
Launcher Type: SUN_STANDARD

[Global flags]
     intx CICompilerCount                          = 4                                         {product} {ergonomic}
     uint ConcGCThreads                            = 2                                         {product} {ergonomic}
     uint G1ConcRefinementThreads                  = 8                                         {product} {ergonomic}
   size_t G1HeapRegionSize                         = 1048576                                   {product} {ergonomic}
    uintx GCDrainStackTargetSize                   = 64                                        {product} {ergonomic}
   size_t InitialHeapSize                          = 132120576                                 {product} {ergonomic}
   size_t MarkStackSize                            = 4194304                                   {product} {ergonomic}
   size_t MaxHeapSize                              = 2097152000                                {product} {ergonomic}
   size_t MinHeapDeltaBytes                        = 1048576                                   {product} {ergonomic}
   size_t MinHeapSize                              = 8388608                                   {product} {ergonomic}
    uintx NonNMethodCodeHeapSize                   = 5839372                                {pd product} {ergonomic}
    uintx NonProfiledCodeHeapSize                  = 122909434                              {pd product} {ergonomic}
    uintx ProfiledCodeHeapSize                     = 122909434                              {pd product} {ergonomic}
    uintx ReservedCodeCacheSize                    = 251658240                              {pd product} {ergonomic}
     bool SegmentedCodeCache                       = true                                      {product} {ergonomic}
   size_t SoftMaxHeapSize                          = 2097152000                             {manageable} {ergonomic}
     bool UseCompressedClassPointers               = true                                 {lp64_product} {ergonomic}
     bool UseCompressedOops                        = true                                 {lp64_product} {ergonomic}
     bool UseG1GC                                  = true                                      {product} {ergonomic}
     bool UseLargePagesIndividualAllocation        = false                                  {pd product} {ergonomic}

Logging:
Log output configuration:
 #0: stdout all=warning uptime,level,tags
 #1: stderr all=off uptime,level,tags

Environment Variables:
JAVA_HOME=C:\Program Files\Java\jdk1.8.0_202
PATH=C:\oraclexe\app\oracle\product\11.2.0\server\bin;;C:\Program Files\Common Files\Oracle\Java\javapath;C:\Program Files (x86)\Common Files\Oracle\Java\javapath;C:\ProgramData\Oracle\Java\javapath;C:\Windows\system32;C:\Windows;C:\Windows\System32\Wbem;C:\Windows\System32\WindowsPowerShell\v1.0\;C:\Windows\System32\OpenSSH\;C:\Program Files\Intel\WiFi\bin\;C:\Program Files\Common Files\Intel\WirelessCommon\;C:\Program Files\Java\jdk1.8.0_131\bin;C:\Program Files\Java\jre1.8.0_131\bin;C:\xampp\php;C:\ProgramData\chocolatey\bin;C:\WINDOWS\system32;C:\WINDOWS;C:\WINDOWS\System32\Wbem;C:\WINDOWS\System32\WindowsPowerShell\v1.0\;C:\WINDOWS\System32\OpenSSH\;C:\Program Files\Git\cmd;C:\Program Files\Java\jdk-15.0.2\bin;C:\Program Files (x86)\NVIDIA Corporation\PhysX\Common;C:\Program Files\nodejs\;C:\Users\Dell\AppData\Local\Programs\Python\Python39\Scripts\;C:\Users\Dell\AppData\Local\Programs\Python\Python39\;C:\Users\Dell\AppData\Local\Microsoft\WindowsApps;C:\Users\Dell\AppData\Roaming\Composer\vendor\bin;;C:\Users\Dell\AppData\Local\Programs\Microsoft VS Code\bin;C:\Users\Dell\AppData\Roaming\npm
USERNAME=Dell
OS=Windows_NT
PROCESSOR_IDENTIFIER=Intel64 Family 6 Model 142 Stepping 11, GenuineIntel



---------------  S Y S T E M  ---------------

OS:
 Windows 10 , 64 bit Build 19041 (10.0.19041.1348)
OS uptime: 1 days 10:53 hours

CPU: total 8 (initial active 8) (4 cores per cpu, 2 threads per core) family 6 model 142 stepping 11 microcode 0xde, cmov, cx8, fxsr, mmx, sse, sse2, sse3, ssse3, sse4.1, sse4.2, popcnt, vzeroupper, avx, avx2, aes, clmul, erms, 3dnowpref, lzcnt, ht, tsc, tscinvbit, bmi1, bmi2, adx, fma, clflush, clflushopt

Memory: 4k page, system-wide physical 7998M (903M free)
TotalPageFile size 11998M (AvailPageFile size 89M)
current process WorkingSet (physical memory assigned to process): 10M, peak: 10M
current process commit charge ("private bytes"): 60M, peak: 186M

vm_info: Java HotSpot(TM) 64-Bit Server VM (15.0.2+7-27) for windows-amd64 JRE (15.0.2+7-27), built on Dec  7 2020 20:07:01 by "mach5one" with unknown MS VC++:1925

END.
