#
# There is insufficient memory for the Java Runtime Environment to continue.
# Native memory allocation (malloc) failed to allocate 1048576 bytes for AllocateHeap
# Possible reasons:
#   The system is out of physical RAM or swap space
#   The process is running with CompressedOops enabled, and the Java Heap may be blocking the growth of the native heap
# Possible solutions:
#   Reduce memory load on the system
#   Increase physical memory or swap space
#   Check if swap backing store is full
#   Decrease Java heap size (-Xmx/-Xms)
#   Decrease number of Java threads
#   Decrease Java thread stack sizes (-Xss)
#   Set larger code cache with -XX:ReservedCodeCacheSize=
#   JVM is running with Unscaled Compressed Oops mode in which the Java heap is
#     placed in the first 4GB address space. The Java Heap base address is the
#     maximum limit for the native heap growth. Please use -XX:HeapBaseMinAddress
#     to set the Java Heap base and to place the Java Heap above 4GB virtual address.
# This output file may be truncated or incomplete.
#
#  Out of Memory Error (./open/src/hotspot/share/memory/allocation.cpp:44), pid=35856, tid=23592
#
# JRE version:  (15.0.2+7) (build )
# Java VM: Java HotSpot(TM) 64-Bit Server VM (15.0.2+7-27, mixed mode, sharing, tiered, compressed oops, g1 gc, windows-amd64)
# No core dump will be written. Minidumps are not enabled by default on client versions of Windows
#

---------------  S U M M A R Y ------------

Command Line: -Dfile.encoding=UTF-8 --module-path=C:\Users\Dell\Documents\NetBeansProjects\College\build\classes HotelInfo

Host: Intel(R) Core(TM) i5-8265U CPU @ 1.60GHz, 8 cores, 7G,  Windows 10 , 64 bit Build 19041 (10.0.19041.1348)
Time: Sat Dec  4 01:03:11 2021 Nepal Standard Time elapsed time: 0.015086 seconds (0d 0h 0m 0s)

---------------  T H R E A D  ---------------

Current thread (0x0000018eb89d4f00):  JavaThread "Unknown thread" [_thread_in_vm, id=23592, stack(0x00000086fd100000,0x00000086fd200000)]

Stack: [0x00000086fd100000,0x00000086fd200000]
Native frames: (J=compiled Java code, j=interpreted, Vv=VM code, C=native code)
V  [jvm.dll+0x62ae9a]
V  [jvm.dll+0x7817a9]
V  [jvm.dll+0x782f03]
V  [jvm.dll+0x783563]
V  [jvm.dll+0x216325]
V  [jvm.dll+0x8ebb2]
V  [jvm.dll+0x2a2604]
V  [jvm.dll+0x75e20c]
V  [jvm.dll+0x3341c4]
V  [jvm.dll+0x73e926]
V  [jvm.dll+0x3b7557]
V  [jvm.dll+0x3b8fe1]
C  [jli.dll+0x52fb]
C  [ucrtbase.dll+0x21bb2]
C  [KERNEL32.DLL+0x17034]
C  [ntdll.dll+0x52651]


---------------  P R O C E S S  ---------------

Threads class SMR info:
_java_thread_list=0x00007fffa84b4ff0, length=0, elements={
}

Java Threads: ( => current thread )

Other Threads:

=>0x0000018eb89d4f00 (exited) JavaThread "Unknown thread" [_thread_in_vm, id=23592, stack(0x00000086fd100000,0x00000086fd200000)]

Threads with active compile tasks:

VM state: not at safepoint (not fully initialized)

VM Mutex/Monitor currently owned by a thread: None

Heap address: 0x0000000000000000, size: 0 MB, Compressed Oops mode: 32-bit
CDS archive(s) mapped at: [0x0000000000000000-0x0000000000000000-0x0000000000000000), size 0, SharedBaseAddress: 0x0000000800000000, ArchiveRelocationMode: 0.
Narrow klass base: 0x0000000000000000, Narrow klass shift: 0, Narrow klass range: 0x0

GC Heap History (0 events):
No events

Deoptimization events (0 events):
No events

Classes unloaded (0 events):
No events

Classes redefined (0 events):
No events

Internal exceptions (0 events):
No events

Events (1 events):
Event: 0.009 Loaded shared library C:\Program Files\Java\jdk-15.0.2\bin\java.dll


Dynamic libraries:
0x00007ff6f13a0000 - 0x00007ff6f13af000 	C:\Program Files\Java\jdk-15.0.2\bin\java.exe
0x00007ff81a1d0000 - 0x00007ff81a3c5000 	C:\WINDOWS\SYSTEM32\ntdll.dll
0x00007ff801880000 - 0x00007ff801896000 	C:\Program Files\Avast Software\Avast\aswhook.dll
0x00007ff819c40000 - 0x00007ff819cfe000 	C:\WINDOWS\System32\KERNEL32.DLL
0x00007ff817c20000 - 0x00007ff817ee8000 	C:\WINDOWS\System32\KERNELBASE.dll
0x00007ff817fc0000 - 0x00007ff8180c0000 	C:\WINDOWS\System32\ucrtbase.dll
0x00007ff8124c0000 - 0x00007ff8124d9000 	C:\Program Files\Java\jdk-15.0.2\bin\VCRUNTIME140.dll
0x00007ff810670000 - 0x00007ff810688000 	C:\Program Files\Java\jdk-15.0.2\bin\jli.dll
0x00007ff819b90000 - 0x00007ff819c3c000 	C:\WINDOWS\System32\ADVAPI32.dll
0x00007ff8197e0000 - 0x00007ff81987e000 	C:\WINDOWS\System32\msvcrt.dll
0x00007ff819d90000 - 0x00007ff819e2b000 	C:\WINDOWS\System32\sechost.dll
0x00007ff818b30000 - 0x00007ff818c5a000 	C:\WINDOWS\System32\RPCRT4.dll
0x00007ff818ce0000 - 0x00007ff818e81000 	C:\WINDOWS\System32\USER32.dll
0x00007ff817f90000 - 0x00007ff817fb2000 	C:\WINDOWS\System32\win32u.dll
0x00007ff819930000 - 0x00007ff81995b000 	C:\WINDOWS\System32\GDI32.dll
0x00007ff8004d0000 - 0x00007ff80076a000 	C:\WINDOWS\WinSxS\amd64_microsoft.windows.common-controls_6595b64144ccf1df_6.0.19041.1110_none_60b5254171f9507e\COMCTL32.dll
0x00007ff818110000 - 0x00007ff81821b000 	C:\WINDOWS\System32\gdi32full.dll
0x00007ff817ef0000 - 0x00007ff817f8d000 	C:\WINDOWS\System32\msvcp_win.dll
0x00007ff80edd0000 - 0x00007ff80edda000 	C:\WINDOWS\SYSTEM32\VERSION.dll
0x00007ff818b00000 - 0x00007ff818b30000 	C:\WINDOWS\System32\IMM32.DLL
0x00007ff813710000 - 0x00007ff81371c000 	C:\Program Files\Java\jdk-15.0.2\bin\vcruntime140_1.dll
0x00007fffd98a0000 - 0x00007fffd9931000 	C:\Program Files\Java\jdk-15.0.2\bin\msvcp140.dll
0x00007fffa79f0000 - 0x00007fffa854e000 	C:\Program Files\Java\jdk-15.0.2\bin\server\jvm.dll
0x00007ff819d00000 - 0x00007ff819d08000 	C:\WINDOWS\System32\PSAPI.DLL
0x00007ffffe310000 - 0x00007ffffe319000 	C:\WINDOWS\SYSTEM32\WSOCK32.dll
0x00007ff8001b0000 - 0x00007ff8001d7000 	C:\WINDOWS\SYSTEM32\WINMM.dll
0x00007ff819b20000 - 0x00007ff819b8b000 	C:\WINDOWS\System32\WS2_32.dll
0x00007ff8157d0000 - 0x00007ff8157e2000 	C:\WINDOWS\SYSTEM32\kernel.appcore.dll
0x00007ff813650000 - 0x00007ff81365a000 	C:\Program Files\Java\jdk-15.0.2\bin\jimage.dll
0x00007ff811170000 - 0x00007ff811354000 	C:\WINDOWS\SYSTEM32\DBGHELP.DLL
0x00007ff8092a0000 - 0x00007ff8092cc000 	C:\WINDOWS\SYSTEM32\dbgcore.DLL
0x00007ff8178f0000 - 0x00007ff817973000 	C:\WINDOWS\System32\bcryptPrimitives.dll
0x00007ff808be0000 - 0x00007ff808c05000 	C:\Program Files\Java\jdk-15.0.2\bin\java.dll

dbghelp: loaded successfully - version: 4.0.5 - missing functions: none
symbol engine: initialized successfully - sym options: 0x614 - pdb path: .;C:\Program Files\Java\jdk-15.0.2\bin;C:\WINDOWS\SYSTEM32;C:\Program Files\Avast Software\Avast;C:\WINDOWS\WinSxS\amd64_microsoft.windows.common-controls_6595b64144ccf1df_6.0.19041.1110_none_60b5254171f9507e;C:\Program Files\Java\jdk-15.0.2\bin\server

VM Arguments:
jvm_args: -Dfile.encoding=UTF-8 --module-path=C:\Users\Dell\Documents\NetBeansProjects\College\build\classes 
java_command: HotelInfo
java_class_path (initial): C:\Users\Dell\Documents\NetBeansProjects\College\build\classes
Launcher Type: SUN_STANDARD

[Global flags]
     intx CICompilerCount                          = 4                                         {product} {ergonomic}
     uint ConcGCThreads                            = 2                                         {product} {ergonomic}
     uint G1ConcRefinementThreads                  = 8                                         {product} {ergonomic}
   size_t G1HeapRegionSize                         = 1048576                                   {product} {ergonomic}
    uintx GCDrainStackTargetSize                   = 64                                        {product} {ergonomic}
   size_t InitialHeapSize                          = 132120576                                 {product} {ergonomic}
   size_t MarkStackSize                            = 4194304                                   {product} {ergonomic}
   size_t MaxHeapSize                              = 2097152000                                {product} {ergonomic}
   size_t MinHeapDeltaBytes                        = 1048576                                   {product} {ergonomic}
   size_t MinHeapSize                              = 8388608                                   {product} {ergonomic}
    uintx NonNMethodCodeHeapSize                   = 5839372                                {pd product} {ergonomic}
    uintx NonProfiledCodeHeapSize                  = 122909434                              {pd product} {ergonomic}
    uintx ProfiledCodeHeapSize                     = 122909434                              {pd product} {ergonomic}
    uintx ReservedCodeCacheSize                    = 251658240                              {pd product} {ergonomic}
     bool SegmentedCodeCache                       = true                                      {product} {ergonomic}
   size_t SoftMaxHeapSize                          = 2097152000                             {manageable} {ergonomic}
     bool UseCompressedClassPointers               = true                                 {lp64_product} {ergonomic}
     bool UseCompressedOops                        = true                                 {lp64_product} {ergonomic}
     bool UseG1GC                                  = true                                      {product} {ergonomic}
     bool UseLargePagesIndividualAllocation        = false                                  {pd product} {ergonomic}

Logging:
Log output configuration:
 #0: stdout all=warning uptime,level,tags
 #1: stderr all=off uptime,level,tags

Environment Variables:
JAVA_HOME=C:\Program Files\Java\jdk1.8.0_202
PATH=C:\oraclexe\app\oracle\product\11.2.0\server\bin;;C:\Program Files\Common Files\Oracle\Java\javapath;C:\Program Files (x86)\Common Files\Oracle\Java\javapath;C:\ProgramData\Oracle\Java\javapath;C:\Windows\system32;C:\Windows;C:\Windows\System32\Wbem;C:\Windows\System32\WindowsPowerShell\v1.0\;C:\Windows\System32\OpenSSH\;C:\Program Files\Intel\WiFi\bin\;C:\Program Files\Common Files\Intel\WirelessCommon\;C:\Program Files\Java\jdk1.8.0_131\bin;C:\Program Files\Java\jre1.8.0_131\bin;C:\xampp\php;C:\ProgramData\chocolatey\bin;C:\WINDOWS\system32;C:\WINDOWS;C:\WINDOWS\System32\Wbem;C:\WINDOWS\System32\WindowsPowerShell\v1.0\;C:\WINDOWS\System32\OpenSSH\;C:\Program Files\Git\cmd;C:\Program Files\Java\jdk-15.0.2\bin;C:\Program Files (x86)\NVIDIA Corporation\PhysX\Common;C:\Program Files\nodejs\;C:\Users\Dell\AppData\Local\Programs\Python\Python39\Scripts\;C:\Users\Dell\AppData\Local\Programs\Python\Python39\;C:\Users\Dell\AppData\Local\Microsoft\WindowsApps;C:\Users\Dell\AppData\Roaming\Composer\vendor\bin;;C:\Users\Dell\AppData\Local\Programs\Microsoft VS Code\bin;C:\Users\Dell\AppData\Roaming\npm
USERNAME=Dell
OS=Windows_NT
PROCESSOR_IDENTIFIER=Intel64 Family 6 Model 142 Stepping 11, GenuineIntel



---------------  S Y S T E M  ---------------

OS:
 Windows 10 , 64 bit Build 19041 (10.0.19041.1348)
OS uptime: 19 days 8:54 hours

CPU: total 8 (initial active 8) (4 cores per cpu, 2 threads per core) family 6 model 142 stepping 11 microcode 0xde, cmov, cx8, fxsr, mmx, sse, sse2, sse3, ssse3, sse4.1, sse4.2, popcnt, vzeroupper, avx, avx2, aes, clmul, erms, 3dnowpref, lzcnt, ht, tsc, tscinvbit, bmi1, bmi2, adx, fma, clflush, clflushopt

Memory: 4k page, system-wide physical 7998M (999M free)
TotalPageFile size 11998M (AvailPageFile size 5M)
current process WorkingSet (physical memory assigned to process): 9M, peak: 9M
current process commit charge ("private bytes"): 13M, peak: 14M

vm_info: Java HotSpot(TM) 64-Bit Server VM (15.0.2+7-27) for windows-amd64 JRE (15.0.2+7-27), built on Dec  7 2020 20:07:01 by "mach5one" with unknown MS VC++:1925

END.
